[debug] [2021-01-16T01:31:49.850Z] ----------------------------------------------------------------------
[debug] [2021-01-16T01:31:49.854Z] Command:       /usr/local/Cellar/node/14.13.1/bin/node /Users/robertstoelhorst/.npm-packages/bin/firebase deploy
[debug] [2021-01-16T01:31:49.854Z] CLI Version:   9.2.0
[debug] [2021-01-16T01:31:49.855Z] Platform:      darwin
[debug] [2021-01-16T01:31:49.855Z] Node Version:  v14.13.1
[debug] [2021-01-16T01:31:49.857Z] Time:          Sat Jan 16 2021 12:31:49 GMT+1100 (Australian Eastern Daylight Time)
[debug] [2021-01-16T01:31:49.857Z] ----------------------------------------------------------------------
[debug] [2021-01-16T01:31:49.857Z] 
[debug] [2021-01-16T01:31:49.872Z] > command requires scopes: ["email","openid","https://www.googleapis.com/auth/cloudplatformprojects.readonly","https://www.googleapis.com/auth/firebase","https://www.googleapis.com/auth/cloud-platform"]
[debug] [2021-01-16T01:31:49.873Z] > authorizing via signed-in user
[debug] [2021-01-16T01:31:49.873Z] [iam] checking project tik-tok-in-react for permissions ["firebase.projects.get","firebasehosting.sites.update"]
[debug] [2021-01-16T01:31:49.879Z] >>> HTTP REQUEST POST https://cloudresourcemanager.googleapis.com/v1/projects/tik-tok-in-react:testIamPermissions  
 {"permissions":["firebase.projects.get","firebasehosting.sites.update"]}
[debug] [2021-01-16T01:31:51.356Z] <<< HTTP RESPONSE 200 {"content-type":"application/json; charset=UTF-8","vary":"X-Origin, Referer, Origin,Accept-Encoding","date":"Sat, 16 Jan 2021 01:31:51 GMT","server":"ESF","cache-control":"private","x-xss-protection":"0","x-frame-options":"SAMEORIGIN","x-content-type-options":"nosniff","server-timing":"gfet4t7; dur=1011","alt-svc":"h3-29=\":443\"; ma=2592000,h3-T051=\":443\"; ma=2592000,h3-Q050=\":443\"; ma=2592000,h3-Q046=\":443\"; ma=2592000,h3-Q043=\":443\"; ma=2592000,quic=\":443\"; ma=2592000; v=\"46,43\"","accept-ranges":"none","transfer-encoding":"chunked"}
[debug] [2021-01-16T01:31:51.361Z] > refreshing access token with scopes: []
[debug] [2021-01-16T01:31:51.362Z] >>> HTTP REQUEST POST https://www.googleapis.com/oauth2/v3/token  
 <request body omitted>
[debug] [2021-01-16T01:31:51.620Z] <<< HTTP RESPONSE 200 {"date":"Sat, 16 Jan 2021 01:31:51 GMT","cache-control":"no-cache, no-store, max-age=0, must-revalidate","expires":"Mon, 01 Jan 1990 00:00:00 GMT","pragma":"no-cache","content-type":"application/json; charset=utf-8","vary":"X-Origin, Referer, Origin,Accept-Encoding","server":"scaffolding on HTTPServer2","x-xss-protection":"0","x-frame-options":"SAMEORIGIN","x-content-type-options":"nosniff","alt-svc":"h3-29=\":443\"; ma=2592000,h3-T051=\":443\"; ma=2592000,h3-Q050=\":443\"; ma=2592000,h3-Q046=\":443\"; ma=2592000,h3-Q043=\":443\"; ma=2592000,quic=\":443\"; ma=2592000; v=\"46,43\"","accept-ranges":"none","transfer-encoding":"chunked"}
[debug] [2021-01-16T01:31:51.652Z] >>> [apiv2][query] GET https://firebase.googleapis.com/v1beta1/projects/tik-tok-in-react [none]
[debug] [2021-01-16T01:31:52.174Z] <<< [apiv2][status] GET https://firebase.googleapis.com/v1beta1/projects/tik-tok-in-react 200
[debug] [2021-01-16T01:31:52.174Z] <<< [apiv2][body] GET https://firebase.googleapis.com/v1beta1/projects/tik-tok-in-react {"projectId":"tik-tok-in-react","projectNumber":"317992392417","displayName":"tik-tok-in-react","name":"projects/tik-tok-in-react","resources":{"hostingSite":"tik-tok-in-react","storageBucket":"tik-tok-in-react.appspot.com","locationId":"us-central"},"state":"ACTIVE"}
[info] 
[info] === Deploying to 'tik-tok-in-react'...
[info] 
[info] i  deploying hosting 
[debug] [2021-01-16T01:31:52.179Z] > refreshing access token with scopes: ["email","https://www.googleapis.com/auth/cloud-platform","https://www.googleapis.com/auth/cloudplatformprojects.readonly","https://www.googleapis.com/auth/firebase","openid"]
[debug] [2021-01-16T01:31:52.180Z] >>> HTTP REQUEST POST https://www.googleapis.com/oauth2/v3/token  
 <request body omitted>
[debug] [2021-01-16T01:31:52.421Z] <<< HTTP RESPONSE 200 {"date":"Sat, 16 Jan 2021 01:31:52 GMT","expires":"Mon, 01 Jan 1990 00:00:00 GMT","pragma":"no-cache","cache-control":"no-cache, no-store, max-age=0, must-revalidate","content-type":"application/json; charset=utf-8","vary":"X-Origin, Referer, Origin,Accept-Encoding","server":"scaffolding on HTTPServer2","x-xss-protection":"0","x-frame-options":"SAMEORIGIN","x-content-type-options":"nosniff","alt-svc":"h3-29=\":443\"; ma=2592000,h3-T051=\":443\"; ma=2592000,h3-Q050=\":443\"; ma=2592000,h3-Q046=\":443\"; ma=2592000,h3-Q043=\":443\"; ma=2592000,quic=\":443\"; ma=2592000; v=\"46,43\"","accept-ranges":"none","transfer-encoding":"chunked"}
[debug] [2021-01-16T01:31:52.450Z] >>> HTTP REQUEST POST https://firebasehosting.googleapis.com/v1beta1/sites/tik-tok-in-react/versions  
 {"config":{"rewrites":[{"glob":"**","path":"/index.html"}]},"labels":{"deployment-tool":"cli-firebase"}}
[debug] [2021-01-16T01:31:54.083Z] <<< HTTP RESPONSE 200 {"content-type":"application/json; charset=UTF-8","vary":"X-Origin, Referer, Origin,Accept-Encoding","date":"Sat, 16 Jan 2021 01:31:54 GMT","server":"ESF","cache-control":"private","x-xss-protection":"0","x-frame-options":"SAMEORIGIN","x-content-type-options":"nosniff","alt-svc":"h3-29=\":443\"; ma=2592000,h3-T051=\":443\"; ma=2592000,h3-Q050=\":443\"; ma=2592000,h3-Q046=\":443\"; ma=2592000,h3-Q043=\":443\"; ma=2592000,quic=\":443\"; ma=2592000; v=\"46,43\"","accept-ranges":"none","transfer-encoding":"chunked"}
[info] i  hosting[tik-tok-in-react]: beginning deploy... 
[info] i  hosting[tik-tok-in-react]: found 18 files in build 
[debug] [2021-01-16T01:31:54.885Z] > refreshing access token with scopes: []
[debug] [2021-01-16T01:31:54.886Z] >>> HTTP REQUEST POST https://www.googleapis.com/oauth2/v3/token  
 <request body omitted>
[debug] [2021-01-16T01:31:54.887Z] [hosting] hash cache [YnVpbGQ] stored for 18 files
[debug] [2021-01-16T01:31:54.888Z] [hosting][hash queue][FINAL] {"max":779,"min":12,"avg":61.111111111111114,"active":0,"complete":18,"success":18,"errored":0,"retried":0,"total":18,"elapsed":787}
[debug] [2021-01-16T01:31:55.133Z] <<< HTTP RESPONSE 200 {"cache-control":"no-cache, no-store, max-age=0, must-revalidate","expires":"Mon, 01 Jan 1990 00:00:00 GMT","pragma":"no-cache","date":"Sat, 16 Jan 2021 01:31:55 GMT","content-type":"application/json; charset=utf-8","vary":"X-Origin, Referer, Origin,Accept-Encoding","server":"scaffolding on HTTPServer2","x-xss-protection":"0","x-frame-options":"SAMEORIGIN","x-content-type-options":"nosniff","alt-svc":"h3-29=\":443\"; ma=2592000,h3-T051=\":443\"; ma=2592000,h3-Q050=\":443\"; ma=2592000,h3-Q046=\":443\"; ma=2592000,h3-Q043=\":443\"; ma=2592000,quic=\":443\"; ma=2592000; v=\"46,43\"","accept-ranges":"none","transfer-encoding":"chunked"}
[debug] [2021-01-16T01:31:55.162Z] >>> [apiv2][query] POST https://firebasehosting.googleapis.com/v1beta1/sites/tik-tok-in-react/versions/3d9b11e7d6e4197f:populateFiles [none]
[debug] [2021-01-16T01:31:55.163Z] >>> [apiv2][body] POST https://firebasehosting.googleapis.com/v1beta1/sites/tik-tok-in-react/versions/3d9b11e7d6e4197f:populateFiles {"files":{"/asset-manifest.json":"8a3480debe620302787d108a1987747cbab80473c9d016031ad54a63df44eaaf","/index.html":"6ba51617c02b3c1e2294d9b01c45eda1225f61fe315db7b8252b859d967b10c1","/favicon.ico":"b72f7455f00e4e58792d2bca892abb068e2213838c0316d6b7a0d6d16acd1955","/static/css/main.a2c5563c.chunk.css":"e3a8c8269d4366544b6e58955ea884f0d7832c5053a43f0dc7a583cdd87526d3","/logo192.png":"caff018b7f1e8fd481eb1c50d75b0ef236bcd5078b1d15c8bb348453fee30293","/logo512.png":"191fc21360b4ccfb1cda11a1efb97f489ed22672ca83f4064316802bbfdd750e","/static/js/2.057a9e54.chunk.js.LICENSE.txt":"f684db80a8d22fc24e00b49d859219823a63e1335fa1de1abf802656cff1cc2f","/static/css/main.a2c5563c.chunk.css.map":"f51bcc43a24ade7b5a167cd623c6206f944247c1c12595ef681796722ed7a1ae","/static/js/3.0c0fd00f.chunk.js":"f48130003666fb1b2d2a48459a185d8316f6c663f7b3bededaa46d078215de77","/manifest.json":"341d52628782f8ac9290bbfc43298afccb47b7cbfcee146ae30cf0f46bc30900","/static/js/main.5528acb6.chunk.js":"7ccfcccc65e1d50f1ae94f0115f3dcebef966af217655aefe4a251ade8befee4","/robots.txt":"391d14b3c2f8c9143a27a28c7399585142228d4d1bdbe2c87ac946de411fa9a2","/static/js/3.0c0fd00f.chunk.js.map":"b101dcbac3a00b51175ed170d208550bc814e4d3a87d775719d2bc265d767ca0","/static/js/runtime-main.b0797515.js":"67b57201c40639909d9b29a04530b1014dbd983084a791a88746f9b475a305e1","/static/js/main.5528acb6.chunk.js.map":"6349e129f4fc18ab28cf186c28c5927e050d8adcfe4547254fcf213f4e2222e6","/static/js/runtime-main.b0797515.js.map":"7e2bb25a8999fad93230e16ca035cc2893d7d3a2bae6776eaac15006e81b2e30","/static/js/2.057a9e54.chunk.js":"ca9dbe627aa0be2226b35ff76da3838ff44d590a65e0cc2d6a9ab289943dab38","/static/js/2.057a9e54.chunk.js.map":"8c09ff8a429e02ba6e454aa276737ad280335494ec96aae8bee093967abdb20c"}}
